<?xml version="1.0" encoding="UTF-8"?>
<testsuite name="io.exp.beampoc.stream.PI.generate.PiInstructionGeneratorTest" tests="5" skipped="0" failures="0" errors="0" timestamp="2019-09-22T11:28:16" hostname="Dexters-MacBook-Air.local" time="0.127">
  <properties/>
  <testcase name="return5SeriesName" classname="io.exp.beampoc.stream.PI.generate.PiInstructionGeneratorTest" time="0.002"/>
  <testcase name="randomInstructionStream" classname="io.exp.beampoc.stream.PI.generate.PiInstructionGeneratorTest" time="0.003"/>
  <testcase name="returnIllegalArugmentExceptionWhenSeriesNameNotFound" classname="io.exp.beampoc.stream.PI.generate.PiInstructionGeneratorTest" time="0.0"/>
  <testcase name="returnSeriesName" classname="io.exp.beampoc.stream.PI.generate.PiInstructionGeneratorTest" time="0.002"/>
  <testcase name="returnFileSeriesName" classname="io.exp.beampoc.stream.PI.generate.PiInstructionGeneratorTest" time="0.119"/>
  <system-out><![CDATA[{"id":"9a913d8e-d0a0-4bc8-8cfa-efde6b017815","SeriesName":"Nilakantha","numOfSteps":5}
{"id":"edc8c2e4-f3cd-4716-996d-ead680edcfec","SeriesName":"Nilakantha","numOfSteps":1000}
{"id":"f922af5c-69cc-4e3c-b25f-465174c079ea","SeriesName":"Nilakantha","numOfSteps":3000}
{"id":"99070d68-ad3e-411b-97c1-dd06b88f4724","SeriesName":"GregoryLeibniz","numOfSteps":4000}
{"id":"fc3f9091-8904-4da2-85f7-0eb47a365a75","SeriesName":"GregoryLeibniz","numOfSteps":2000}
{"id":"a97e8f55-44fe-4f09-b6d9-a29ac6599b3b","SeriesName":"GregoryLeibniz","numOfSteps":2000}
{"id":"e7a315e6-aee8-42fb-80a1-184923495d10","SeriesName":"GregoryLeibniz","numOfSteps":5000}
{"id":"16dce298-49c6-41c7-98ff-0efa2715c184","SeriesName":"Nilakantha","numOfSteps":5000}
{"id":"f8ebeadb-ac8c-4b4f-b8fa-058c0e803667","SeriesName":"GregoryLeibniz","numOfSteps":2000}
{"id":"0aa8711d-e4a9-4df4-9626-13b0072980b6","SeriesName":"Nilakantha","numOfSteps":1000}
{"id":"1e40c270-57eb-44b5-aded-d5f68ea6f2e0","SeriesName":"GregoryLeibniz","numOfSteps":4000}
{"id":"1a2a840c-1e2e-406a-bd22-c8eed8c946f7","SeriesName":"Nilakantha","numOfSteps":5000}
{"id":"3429c9a8-8b3b-4a15-bef8-be418b18e9d9","SeriesName":"Nilakantha","numOfSteps":5000}
{"id":"99edcb77-113c-458d-bbe6-2f0e853ede27","SeriesName":"Nilakantha","numOfSteps":4000}
{"id":"dab26de6-35f5-4cad-80fa-fe28c7b69df4","SeriesName":"Nilakantha","numOfSteps":5000}
{"id":"7a93c3ae-1ca1-44c2-a9c1-37f99fa4ae5d","SeriesName":"Nilakantha","numOfSteps":2000}
{"id":"e078290f-d723-4c17-bb73-ebb1452cbf9b","SeriesName":"Nilakantha","numOfSteps":2000}
{"id":"67b2bdf8-afaa-4a3d-92ad-493a21d58a00","SeriesName":"Nilakantha","numOfSteps":4000}
{"id":"d7461ecb-5065-453a-ae85-54836068eeaa","SeriesName":"Nilakantha","numOfSteps":1000}
{"id":"fec80399-7c65-4291-bccc-7707ec3f7232","SeriesName":"Nilakantha","numOfSteps":1000}
{"id":"ff708dc8-73ca-452b-942e-3446d90cb739","SeriesName":"Nilakantha","numOfSteps":2000}
{"id":"9f0e868c-cbf4-4391-b62e-4ea60cba68c6","SeriesName":"Nilakantha","numOfSteps":300}
{"id":"36475890-8c26-42fa-b8a0-6bfcb46201c2","SeriesName":"Nilakantha","numOfSteps":300}
{"id":"8e5700c3-f40e-4850-8797-9f2cce07fec7","SeriesName":"Nilakantha","numOfSteps":300}
{"id":"f06f68f2-2737-44c9-9dee-8bfa52f25260","SeriesName":"Nilakantha","numOfSteps":300}
{"id":"283cb4c3-3220-4842-bd45-3d5ee3df3126","SeriesName":"Nilakantha","numOfSteps":300}
{"id":"2df577ed-4e11-4012-82dd-c3615f67e553","SeriesName":"Nilakantha","numOfSteps":300}
{"id":"33250c84-d9d6-4306-8861-f656594801bd","SeriesName":"Nilakantha","numOfSteps":300}
{"id":"ff4c60d5-1869-4d6f-aab7-728c57c92890","SeriesName":"Nilakantha","numOfSteps":300}
{"id":"03301eaa-8e7a-4051-add7-fc5de8959fb3","SeriesName":"Nilakantha","numOfSteps":300}
{"id":"d5c3c5e1-10f3-4edc-b078-3335fab983e3","SeriesName":"Nilakantha","numOfSteps":300}
{"id":"c523c348-75f7-4329-8933-af34113eff0a","SeriesName":"Nilakantha","numOfSteps":300}
{"id":"3e4448d1-0e22-4107-826b-e34b3f68a0e0","SeriesName":"Nilakantha","numOfSteps":300}
{"id":"f7dc4e7f-1a5b-43a1-9d30-d770a7dcc01c","SeriesName":"Nilakantha","numOfSteps":300}
{"id":"cc646741-051d-4e69-9732-2c729043526d","SeriesName":"Nilakantha","numOfSteps":300}
{"id":"bf927290-526d-4e51-891a-6f99b0cc696f","SeriesName":"Nilakantha","numOfSteps":300}
{"id":"4b47a141-f490-4c9d-8a33-ff2f45d65379","SeriesName":"Nilakantha","numOfSteps":300}
{"id":"d1f8a9f1-ecda-4674-abe0-b089dd3e734b","SeriesName":"Nilakantha","numOfSteps":300}
{"id":"b2b1dc29-7968-4a49-9353-a64d53a48bd9","SeriesName":"Nilakantha","numOfSteps":300}
{"id":"918255cb-4344-49b2-882f-8490d16af1a4","SeriesName":"Nilakantha","numOfSteps":300}
{"id":"c0b0bf70-d448-4d5c-8292-f29924d774f4","SeriesName":"Nilakantha","numOfSteps":300}
{"id":"9ec52ed2-f4b7-4e5c-abc5-79c77b23ca39","SeriesName":"Nilakantha","numOfSteps":300}
{"id":"8c579b1b-533d-453c-8a6c-0495dc6afcf4","SeriesName":"Nilakantha","numOfSteps":300}
{"id":"be1e5141-3856-4f4a-965b-d3ab93175d3f","SeriesName":"Nilakantha","numOfSteps":300}
{"id":"2d20ef0b-993e-49c6-9b4a-0aaf9aaad3c6","SeriesName":"Nilakantha","numOfSteps":300}
{"id":"764f97d9-661f-472a-8fbc-0affce930a67","SeriesName":"Nilakantha","numOfSteps":300}
{"id":"3809d335-5e3c-458b-a32a-e2d9bb90d66b","SeriesName":"Nilakantha","numOfSteps":300}
{"id":"a686175f-8b77-4f9a-8a53-f2c7327525e9","SeriesName":"Nilakantha","numOfSteps":300}
{"id":"4f759ba9-169b-487e-856f-fd58b855acaf","SeriesName":"Nilakantha","numOfSteps":300}
{"id":"93ebda7e-da41-48b9-8756-d4dfad450fa4","SeriesName":"Nilakantha","numOfSteps":300}
{"id":"1286348a-e0c9-4437-8ed4-27342ab709b5","SeriesName":"Nilakantha","numOfSteps":300}
{"id":"cc9f213f-bf73-4efa-8671-e71fe534811f","SeriesName":"Nilakantha","numOfSteps":300}
{"id":"41dbdbd9-db74-45ca-a2d9-eb894f4ffba8","SeriesName":"Nilakantha","numOfSteps":300}
{"id":"01b67a8a-be92-42f9-8bfe-40c79e0fe4c6","SeriesName":"Nilakantha","numOfSteps":300}
{"id":"3fb4e3fa-a2fa-4b6c-a0c2-93dea2027bb3","SeriesName":"Nilakantha","numOfSteps":300}
{"id":"66a34215-5888-431d-98fe-b10498088c0f","SeriesName":"Nilakantha","numOfSteps":300}
{"id":"b92c4253-3841-4c5d-bc70-432e53325d74","SeriesName":"Nilakantha","numOfSteps":300}
{"id":"a6d9b3f2-1cad-406b-8ed2-ecdf9b0b8127","SeriesName":"Nilakantha","numOfSteps":300}
{"id":"88b9c7a6-0fe5-4313-9078-fbb4e3039be1","SeriesName":"Nilakantha","numOfSteps":300}
{"id":"0828e433-7c7b-4dd3-b6d8-9595acaa174a","SeriesName":"Nilakantha","numOfSteps":300}
{"id":"f61a5a51-69c0-4053-ab67-0591a5539bb8","SeriesName":"Nilakantha","numOfSteps":300}
{"id":"a6ed99f9-1214-4680-a13d-804fd0dcec9d","SeriesName":"Nilakantha","numOfSteps":300}
{"id":"b957826f-3ac4-4958-a7ea-2c595554da71","SeriesName":"Nilakantha","numOfSteps":300}
{"id":"b3a2efb7-69c9-49fc-ab84-c2986ccf461c","SeriesName":"Nilakantha","numOfSteps":300}
{"id":"ccad9e12-a25c-4c85-8edb-73bcfcc2a2b2","SeriesName":"Nilakantha","numOfSteps":300}
{"id":"e4501d3e-5349-43a1-bfe8-5e768be6bb8e","SeriesName":"Nilakantha","numOfSteps":300}
{"id":"23326a6c-5ea7-4d14-9b81-dec5db0aa7d9","SeriesName":"Nilakantha","numOfSteps":300}
{"id":"5e14b601-6bdc-4097-b2c9-c2acf518a1ad","SeriesName":"Nilakantha","numOfSteps":300}
{"id":"14827b94-ed86-4052-8373-5b11fcd88633","SeriesName":"Nilakantha","numOfSteps":300}
{"id":"befbcc4e-0d00-4425-aaa1-a18d59c6908c","SeriesName":"Nilakantha","numOfSteps":300}
{"id":"53c8be74-4346-44b9-8433-8d6221e574af","SeriesName":"Nilakantha","numOfSteps":300}
{"id":"048dfb31-5d78-4863-9aea-1bb6457fb3c5","SeriesName":"Nilakantha","numOfSteps":300}
{"id":"47f4888d-b949-4377-8afe-3ec954d15580","SeriesName":"Nilakantha","numOfSteps":300}
{"id":"faf3c24a-b54b-48af-ae16-4b95ca6b7fd6","SeriesName":"Nilakantha","numOfSteps":300}
{"id":"4a8db697-8f76-4175-88a8-91a229f7bcd2","SeriesName":"Nilakantha","numOfSteps":300}
{"id":"e1cedc3a-3e70-48f3-961b-4e177c362ba9","SeriesName":"Nilakantha","numOfSteps":300}
{"id":"91f9ef2c-c84d-4f6e-a6ca-8a73a6a00fab","SeriesName":"Nilakantha","numOfSteps":300}
{"id":"8b402600-f9b6-41d2-819c-ab7c58febe02","SeriesName":"Nilakantha","numOfSteps":300}
{"id":"12f62b07-61be-485d-9eeb-b853f545f6d6","SeriesName":"Nilakantha","numOfSteps":300}
{"id":"6d0624a0-19d2-4b81-b591-a9ff524d2fe0","SeriesName":"Nilakantha","numOfSteps":300}
{"id":"6206fa96-0a91-4245-adad-6fe3bba8d6e7","SeriesName":"Nilakantha","numOfSteps":300}
{"id":"8bc691fa-5886-48cc-bac7-8bb227d737b1","SeriesName":"Nilakantha","numOfSteps":300}
{"id":"0ae09703-9585-4726-b99a-1e45357717f0","SeriesName":"Nilakantha","numOfSteps":300}
{"id":"617de3fa-fa01-4888-9ec1-62d7cf252e49","SeriesName":"Nilakantha","numOfSteps":300}
{"id":"da509c93-34d0-42fa-be8c-36bbca27aff4","SeriesName":"Nilakantha","numOfSteps":300}
{"id":"1217f0ea-d7ae-4f91-ae1c-14c4a4c75598","SeriesName":"Nilakantha","numOfSteps":300}
{"id":"1ebec5eb-3b00-4ac9-a256-21985931e3ac","SeriesName":"Nilakantha","numOfSteps":300}
{"id":"b0c78ca8-fa51-4800-b503-45dfb886fc99","SeriesName":"Nilakantha","numOfSteps":300}
{"id":"f93bf117-af6c-4c7e-9f5a-fedafa7b3e7d","SeriesName":"Nilakantha","numOfSteps":300}
{"id":"3275e715-2e60-48e4-91c9-1303f8dba805","SeriesName":"Nilakantha","numOfSteps":300}
{"id":"18e4c00e-2696-4a27-b045-7342ac12ed19","SeriesName":"Nilakantha","numOfSteps":300}
{"id":"3d9e7472-09ef-46a9-9219-119c6cc1c790","SeriesName":"Nilakantha","numOfSteps":300}
{"id":"1dcca41c-4d20-467d-b9f7-f5afb9dfe631","SeriesName":"Nilakantha","numOfSteps":300}
{"id":"de071aa6-25fe-4c5e-af02-592a4bce92f7","SeriesName":"Nilakantha","numOfSteps":300}
{"id":"5369e326-d656-4864-909f-0610022d31fc","SeriesName":"Nilakantha","numOfSteps":300}
{"id":"660cf514-0dd7-4911-a85f-27321407e853","SeriesName":"Nilakantha","numOfSteps":300}
{"id":"28a9a827-aee1-4ad0-accd-659af3d58f3c","SeriesName":"Nilakantha","numOfSteps":300}
{"id":"7d8c11ca-fc35-4c45-bcc3-87137cc41cd7","SeriesName":"Nilakantha","numOfSteps":300}
{"id":"3e5bef7f-d2d3-4e2a-a6a3-edfcf00b9577","SeriesName":"Nilakantha","numOfSteps":300}
{"id":"9af900e6-ff7a-4635-ae26-9b611e1b7bbe","SeriesName":"Nilakantha","numOfSteps":300}
{"id":"8fc48045-951e-4518-a866-0c4710eab7f5","SeriesName":"Nilakantha","numOfSteps":300}
{"id":"907a1875-e740-4283-b76a-3cf844c070a6","SeriesName":"Nilakantha","numOfSteps":300}
{"id":"ce352b9c-f8c5-4c3e-bf32-9000d347da2b","SeriesName":"Nilakantha","numOfSteps":300}
{"id":"50c5adaa-e3cb-4aa6-a639-018b4022a892","SeriesName":"Nilakantha","numOfSteps":300}
{"id":"1cc7d8f4-a2a5-4213-9582-c56bc61b150b","SeriesName":"Nilakantha","numOfSteps":300}
{"id":"720f8596-14d6-4a7e-b54f-1dd23c21d595","SeriesName":"Nilakantha","numOfSteps":300}
{"id":"5d5e681d-d28e-437a-b639-e5ebada5f2f8","SeriesName":"Nilakantha","numOfSteps":300}
{"id":"a6a31371-b50d-4209-943b-be863c5a3712","SeriesName":"Nilakantha","numOfSteps":300}
{"id":"63eb6bd5-3533-4dc0-bf33-22c8151008f4","SeriesName":"Nilakantha","numOfSteps":300}
{"id":"77077a7c-983a-47a8-acd9-2c8c870c02e9","SeriesName":"Nilakantha","numOfSteps":300}
{"id":"f2347d09-9386-4e72-a514-a5554cf512c1","SeriesName":"Nilakantha","numOfSteps":300}
{"id":"0611d6a1-fcd0-4d93-9018-f09ff5ae32f7","SeriesName":"Nilakantha","numOfSteps":300}
{"id":"e93de6ae-1398-4f62-bb39-1ccf6ddc64f6","SeriesName":"Nilakantha","numOfSteps":300}
{"id":"a9b6503f-c211-461c-a0bc-42d89999a6f2","SeriesName":"Nilakantha","numOfSteps":300}
{"id":"b67cc09a-6a4a-4eb5-8343-6c7ea7adac33","SeriesName":"Nilakantha","numOfSteps":300}
{"id":"021cd1ff-70ea-4030-8697-24f6e718c8d1","SeriesName":"Nilakantha","numOfSteps":300}
{"id":"120f21b6-1667-46bb-90f3-2c20a0e970f0","SeriesName":"Nilakantha","numOfSteps":300}
{"id":"8a76613a-616d-43c2-b44f-993c71b539c3","SeriesName":"Nilakantha","numOfSteps":300}
{"id":"e30a32f5-c1f2-4430-9a5d-df78bd53af64","SeriesName":"Nilakantha","numOfSteps":300}
{"id":"0f7e72b3-c998-4481-acd0-0706336edc18","SeriesName":"Nilakantha","numOfSteps":300}
{"id":"f347010d-1296-4f1c-a417-2f117542206d","SeriesName":"Nilakantha","numOfSteps":300}
{"id":"babf9ee7-ea25-47e1-8e65-1aa402ad77dc","SeriesName":"Nilakantha","numOfSteps":300}
{"id":"4f439e67-22f2-46d3-abdc-57dc60350a83","SeriesName":"Nilakantha","numOfSteps":300}
{"id":"09824e19-15ac-4b4f-97ac-d736e2fb5598","SeriesName":"Nilakantha","numOfSteps":300}
{"id":"6e679834-f951-4f59-9af9-379b2de1fa49","SeriesName":"Nilakantha","numOfSteps":300}
{"id":"6b0acd90-4785-4b20-81a3-7fb8aeb1ec8a","SeriesName":"Nilakantha","numOfSteps":300}
{"id":"f7893e4f-18e8-4e81-9e9b-027cb88bdbd7","SeriesName":"Nilakantha","numOfSteps":300}
{"id":"d1d6f645-0d6b-4aa4-ab3b-c602c6ac9849","SeriesName":"Nilakantha","numOfSteps":300}
{"id":"a6e6925b-7205-4f19-b621-66a24a3023fe","SeriesName":"Nilakantha","numOfSteps":300}
{"id":"ca25e71d-ad15-43d9-a7f6-149de45b1b40","SeriesName":"Nilakantha","numOfSteps":300}
{"id":"477af0bb-30c4-4097-82de-43b0391c8709","SeriesName":"Nilakantha","numOfSteps":300}
{"id":"68a4e773-b3d8-4268-b8c3-81df289da522","SeriesName":"Nilakantha","numOfSteps":300}
{"id":"5809cfb6-b5a1-4e17-85a9-41af0b643321","SeriesName":"Nilakantha","numOfSteps":300}
{"id":"919a8ce9-67ad-44bb-8fd0-106f47bc7255","SeriesName":"Nilakantha","numOfSteps":300}
{"id":"0d03f8a8-2895-4f35-ada7-df029039836f","SeriesName":"Nilakantha","numOfSteps":300}
{"id":"aeebfcf1-9370-4044-ad07-1a8545be57d8","SeriesName":"Nilakantha","numOfSteps":300}
{"id":"bdcdf568-b60e-427a-b68b-8051e76eb29a","SeriesName":"Nilakantha","numOfSteps":300}
{"id":"2485e969-36ed-4236-b80e-e3258c0d4f55","SeriesName":"Nilakantha","numOfSteps":300}
{"id":"1823be3e-da2c-48db-aee9-1eaa546c3cb3","SeriesName":"Nilakantha","numOfSteps":300}
{"id":"7de6de3e-6909-4955-a5fe-c3afc4427390","SeriesName":"Nilakantha","numOfSteps":300}
{"id":"6c1c47c5-bb14-404a-9142-ca9101b509d7","SeriesName":"Nilakantha","numOfSteps":300}
{"id":"0b617e5e-4c2a-4d6b-93f0-5a84828238a9","SeriesName":"Nilakantha","numOfSteps":300}
{"id":"f0b23838-97cf-47bb-9df5-266e2ebaccf1","SeriesName":"Nilakantha","numOfSteps":300}
{"id":"7d0576cc-de98-48e6-b406-a058e6c47165","SeriesName":"Nilakantha","numOfSteps":300}
{"id":"f070c8d7-2852-4c63-bc89-be48cfdfbf0c","SeriesName":"Nilakantha","numOfSteps":300}
{"id":"705fbe80-8cdf-4718-a611-fe51da58931a","SeriesName":"Nilakantha","numOfSteps":300}
{"id":"4edbcb18-ef37-4b9f-841e-537f61d42ea8","SeriesName":"Nilakantha","numOfSteps":300}
{"id":"a9a37cd9-3e55-495e-8cf7-e7eb92f359e9","SeriesName":"Nilakantha","numOfSteps":300}
{"id":"59e09e49-cd26-4445-b239-63698bbc887c","SeriesName":"Nilakantha","numOfSteps":300}
{"id":"2ee74c2f-e6ed-48ac-9599-22c71a126516","SeriesName":"Nilakantha","numOfSteps":300}
{"id":"67b29ddd-3c13-4060-a3cf-34f702263e2b","SeriesName":"Nilakantha","numOfSteps":300}
{"id":"93464f22-8c69-4933-b457-d16e610ff1ba","SeriesName":"Nilakantha","numOfSteps":300}
{"id":"fe49f5b5-2076-489b-9413-c2d25a9469bd","SeriesName":"Nilakantha","numOfSteps":300}
{"id":"84b96490-0c6d-4444-81ed-4317a4e9b934","SeriesName":"Nilakantha","numOfSteps":300}
{"id":"22128a75-959f-4ec1-a321-afd2b9808b44","SeriesName":"Nilakantha","numOfSteps":300}
{"id":"ba7c014a-63d7-4ba9-960e-51586a3c51ff","SeriesName":"Nilakantha","numOfSteps":300}
{"id":"99a6dfde-7492-4208-aead-a1bf14c1cde3","SeriesName":"Nilakantha","numOfSteps":300}
{"id":"9d50c309-404a-4796-9b7e-93148c615173","SeriesName":"Nilakantha","numOfSteps":300}
{"id":"16556ce9-94fa-40ca-9af1-0f3b47a2d23a","SeriesName":"Nilakantha","numOfSteps":300}
{"id":"1d66b6c9-09cd-41c3-b780-1bcd6a6b07f6","SeriesName":"Nilakantha","numOfSteps":300}
{"id":"73ef4bcb-f5cf-47ce-990b-b6eeebd5e6d2","SeriesName":"Nilakantha","numOfSteps":300}
{"id":"384b44a6-99d4-4f9b-acac-be22069c4b0f","SeriesName":"Nilakantha","numOfSteps":300}
{"id":"b3a90bc8-23b3-4d5d-9857-f2cac20a97ca","SeriesName":"Nilakantha","numOfSteps":300}
{"id":"316e0be8-26d7-4e4c-8c20-804d18df7266","SeriesName":"Nilakantha","numOfSteps":300}
{"id":"7a6c1799-87a1-4b9e-b49d-e21be2899dba","SeriesName":"Nilakantha","numOfSteps":300}
{"id":"8f13f8b7-80fc-4e21-8401-365e778c18cb","SeriesName":"Nilakantha","numOfSteps":300}
{"id":"19bdc3f8-84aa-48d1-b83d-64751b294861","SeriesName":"Nilakantha","numOfSteps":300}
{"id":"638f34c3-a181-40ed-8769-ccf748cedd79","SeriesName":"Nilakantha","numOfSteps":300}
{"id":"0cd66013-b7ce-425f-8f31-a2c177f5a1ce","SeriesName":"Nilakantha","numOfSteps":300}
{"id":"3045361a-95d3-4d16-8bd7-74b422c0aa20","SeriesName":"Nilakantha","numOfSteps":300}
{"id":"a4dd6972-2da5-4ea6-be1f-dd03dc491c42","SeriesName":"Nilakantha","numOfSteps":300}
{"id":"59853bb9-36c4-4020-995b-b41bb708684d","SeriesName":"Nilakantha","numOfSteps":300}
{"id":"d73d908a-4d90-4325-a828-d51c931cc2ac","SeriesName":"Nilakantha","numOfSteps":300}
{"id":"df630b45-bd01-47a4-bdd3-f73774de839f","SeriesName":"Nilakantha","numOfSteps":300}
{"id":"e6fb21a2-9718-40e0-913b-2a7676de1502","SeriesName":"Nilakantha","numOfSteps":300}
{"id":"626bb8be-cbc2-4932-9ba0-59526484999d","SeriesName":"Nilakantha","numOfSteps":300}
{"id":"54ee9ed8-6ec0-49c9-8ac2-6ebd6e4eaa81","SeriesName":"Nilakantha","numOfSteps":300}
{"id":"171512a7-754d-44b5-9735-3450fcfb9a1d","SeriesName":"Nilakantha","numOfSteps":300}
{"id":"bc0155d5-aa61-4435-945a-fe7104fcf651","SeriesName":"Nilakantha","numOfSteps":300}
{"id":"c094f3c2-a197-4e81-912b-8902b7fbb950","SeriesName":"Nilakantha","numOfSteps":300}
{"id":"e64de56c-172f-4936-9794-258b69ff6d3c","SeriesName":"Nilakantha","numOfSteps":300}
{"id":"af51da61-db9d-47a9-8b2c-67e407474245","SeriesName":"Nilakantha","numOfSteps":300}
{"id":"ce781aef-9ab0-4280-abe4-f9d15475fef7","SeriesName":"Nilakantha","numOfSteps":300}
{"id":"2f28f93c-1f09-4500-8bb6-f69471353271","SeriesName":"Nilakantha","numOfSteps":300}
{"id":"a615d85d-9559-46e9-891d-030f164bf9a0","SeriesName":"Nilakantha","numOfSteps":300}
{"id":"d162adea-7a48-4e40-8133-7ca18931bbf2","SeriesName":"Nilakantha","numOfSteps":300}
{"id":"b7901573-5a37-48ff-a33a-7e0800100861","SeriesName":"Nilakantha","numOfSteps":300}
{"id":"9b6bc747-d4ab-4693-9ba7-0eef9669dd18","SeriesName":"Nilakantha","numOfSteps":300}
{"id":"e261f5c6-28b9-4a9d-b59c-a1de3017f406","SeriesName":"Nilakantha","numOfSteps":300}
{"id":"35ee5af1-f94c-4424-a830-c13e0d5a2976","SeriesName":"Nilakantha","numOfSteps":300}
{"id":"5174f139-ba7d-4ec7-b612-0ab765f62c1a","SeriesName":"Nilakantha","numOfSteps":300}
{"id":"c9d7b2cc-1201-4450-93ac-928d6d17424c","SeriesName":"Nilakantha","numOfSteps":300}
{"id":"56f0ffe2-4fb6-4e77-a7cd-e9b1b52a8183","SeriesName":"Nilakantha","numOfSteps":300}
{"id":"9e3c0a29-9140-4e44-9914-878a7c5e79c2","SeriesName":"Nilakantha","numOfSteps":300}
{"id":"dfde3f8a-4c12-4417-bd9d-cd6a9821552d","SeriesName":"Nilakantha","numOfSteps":300}
{"id":"f8dd3bbd-aaa4-482e-8ff4-5e5b24de39b6","SeriesName":"Nilakantha","numOfSteps":300}
{"id":"c6f066d5-1f97-4269-992c-cd9363dfb15e","SeriesName":"Nilakantha","numOfSteps":300}
{"id":"4a4751c0-2f22-4ae7-b76d-61bcc4d90273","SeriesName":"Nilakantha","numOfSteps":300}
{"id":"33762112-62f5-4f16-9b63-f4753767660e","SeriesName":"Nilakantha","numOfSteps":300}
{"id":"9867f013-a7ad-4b1e-a9c2-9dd2c49978ab","SeriesName":"Nilakantha","numOfSteps":300}
{"id":"7784598a-591f-4c40-b318-4fe923381fe2","SeriesName":"Nilakantha","numOfSteps":300}
{"id":"4403c5df-d5b1-4705-ad4d-1b2d8c0ddc8e","SeriesName":"Nilakantha","numOfSteps":300}
{"id":"029c2ec5-192d-4c51-af1b-cd9c6dc8a51b","SeriesName":"Nilakantha","numOfSteps":300}
{"id":"3c08efc6-1720-4894-a3f6-aa3c0b574ed9","SeriesName":"Nilakantha","numOfSteps":300}
{"id":"c8efd11d-870c-421b-a247-c310f55691f4","SeriesName":"Nilakantha","numOfSteps":300}
{"id":"b79e6165-7802-4a1e-a6e5-8802502b656c","SeriesName":"Nilakantha","numOfSteps":300}
{"id":"23dea83d-a541-4eeb-b79c-c5af26e4153a","SeriesName":"Nilakantha","numOfSteps":300}
{"id":"bbe1b19d-cab2-4922-bb49-8e3e1ee07114","SeriesName":"Nilakantha","numOfSteps":300}
{"id":"d33cab14-cb02-437b-94c3-a474b3bf2bfd","SeriesName":"Nilakantha","numOfSteps":300}
{"id":"40316e3a-9005-4dad-9457-be65959fed29","SeriesName":"Nilakantha","numOfSteps":300}
{"id":"5c5b2e16-c680-404b-aedd-a2121dadf06a","SeriesName":"Nilakantha","numOfSteps":300}
{"id":"70aea770-bbd8-4b63-a965-5a216ee6f49a","SeriesName":"Nilakantha","numOfSteps":300}
{"id":"eaaa664c-6d27-42d9-88ee-425e751de815","SeriesName":"Nilakantha","numOfSteps":300}
{"id":"5a4276f0-1ee4-423b-aafd-b665bf3bf952","SeriesName":"Nilakantha","numOfSteps":300}
{"id":"1d8f0689-ddd3-4db2-8a22-061549eb8805","SeriesName":"Nilakantha","numOfSteps":300}
{"id":"1a66ff13-273e-42a3-b239-e9f51b41a273","SeriesName":"Nilakantha","numOfSteps":300}
{"id":"c95a009b-5048-42e6-a777-11687e74cab7","SeriesName":"Nilakantha","numOfSteps":300}
{"id":"e4f3b5f2-9b48-4c58-9a38-6b219df4b159","SeriesName":"Nilakantha","numOfSteps":300}
{"id":"5337f1e2-cecd-4a9e-9c6d-46231a63fc43","SeriesName":"Nilakantha","numOfSteps":300}
{"id":"5623002e-a0c0-4baf-8a08-bbb1e820bc65","SeriesName":"Nilakantha","numOfSteps":300}
{"id":"5d2fe62c-fa42-489b-a955-ce5d0931eb81","SeriesName":"Nilakantha","numOfSteps":300}
{"id":"24da2aab-567f-4c53-ba70-b145b997dc11","SeriesName":"Nilakantha","numOfSteps":300}
{"id":"efd9285e-0bdd-4aed-9aff-25f4000c3fc7","SeriesName":"Nilakantha","numOfSteps":300}
{"id":"0fe96f63-18ab-4480-b8a9-3d654524bec4","SeriesName":"Nilakantha","numOfSteps":300}
{"id":"eb2b228d-3772-459c-bd97-466647398ff9","SeriesName":"Nilakantha","numOfSteps":300}
{"id":"160d5209-2572-41f1-a36a-45db0ad8dca2","SeriesName":"Nilakantha","numOfSteps":300}
{"id":"8a73802f-7372-4cca-8876-b1696d9e6578","SeriesName":"Nilakantha","numOfSteps":300}
{"id":"674dbe79-34b1-40f2-a0dd-6713027cd855","SeriesName":"Nilakantha","numOfSteps":300}
{"id":"062ec554-3d66-41ad-becb-2f63dcbc2b08","SeriesName":"Nilakantha","numOfSteps":300}
{"id":"8f1bbd1c-1e48-4041-bf21-379a3beb0c1c","SeriesName":"Nilakantha","numOfSteps":300}
{"id":"2f90b8e3-e9c8-4bdf-ba5f-1f9d934dc814","SeriesName":"Nilakantha","numOfSteps":300}
{"id":"8637723a-9f8c-45fb-8fcb-bbc5d7928f44","SeriesName":"Nilakantha","numOfSteps":300}
{"id":"a8ffd1e8-fbdf-4261-a7f4-f36929166f67","SeriesName":"Nilakantha","numOfSteps":300}
{"id":"07ccdf0d-4643-475f-a3cf-40ece3ce0135","SeriesName":"Nilakantha","numOfSteps":300}
{"id":"0727c7ab-9685-4a08-ad3d-16b4f66f3427","SeriesName":"Nilakantha","numOfSteps":300}
{"id":"f85976e3-1306-4ccc-85ca-ffde90f8b9d4","SeriesName":"Nilakantha","numOfSteps":300}
{"id":"7e7be2bd-82bc-47d8-bc86-10dad298e8b6","SeriesName":"Nilakantha","numOfSteps":300}
{"id":"1c179972-5a65-4543-97ce-992bba3611af","SeriesName":"Nilakantha","numOfSteps":300}
{"id":"69fd6097-a2e7-4fe8-9b2a-06a2ede7d6bd","SeriesName":"Nilakantha","numOfSteps":300}
{"id":"77a8a7ba-2940-48a4-bd6b-0ba20bec9d2f","SeriesName":"Nilakantha","numOfSteps":300}
{"id":"7e3892c8-95ac-41f1-b7b0-9c075039cafb","SeriesName":"Nilakantha","numOfSteps":300}
{"id":"87e71543-22df-45f5-9d3d-5ba861365dde","SeriesName":"Nilakantha","numOfSteps":300}
{"id":"be3e6a95-b4ec-406d-9828-f25bb72e0a7f","SeriesName":"Nilakantha","numOfSteps":300}
{"id":"d2c826ff-7700-4f1b-95e2-16e3156cef8d","SeriesName":"Nilakantha","numOfSteps":300}
{"id":"d19758d7-f407-465d-a56e-7adcd2b55a80","SeriesName":"Nilakantha","numOfSteps":300}
{"id":"7148fe0d-2001-4bbd-8f34-b3b7321a4ea0","SeriesName":"Nilakantha","numOfSteps":300}
{"id":"7e1da708-9f8a-4446-8abb-715fcf956531","SeriesName":"Nilakantha","numOfSteps":300}
{"id":"7be47564-ff90-4485-8fdf-42fa16187ba9","SeriesName":"Nilakantha","numOfSteps":300}
{"id":"dd9e869a-bff0-44d7-b36a-febf46080db4","SeriesName":"Nilakantha","numOfSteps":300}
{"id":"e2d6fee3-da9a-4166-8dca-cc8551f92d13","SeriesName":"Nilakantha","numOfSteps":300}
{"id":"ad96455a-438b-4c1e-8680-1bc922c1083d","SeriesName":"Nilakantha","numOfSteps":300}
{"id":"ea65bad9-6c2d-4781-ab15-c93b25b7eb0c","SeriesName":"Nilakantha","numOfSteps":300}
{"id":"6237dd24-9b71-4bd1-8845-9e3dd6033ddb","SeriesName":"Nilakantha","numOfSteps":300}
{"id":"271bf70f-a6d3-4cd0-a421-a40da3d5564d","SeriesName":"Nilakantha","numOfSteps":300}
{"id":"b7823fea-bd8e-48e1-b2c0-c8dfad0cfba7","SeriesName":"Nilakantha","numOfSteps":300}
{"id":"6535bc62-37c1-4a87-9f3b-5e5f377cdcad","SeriesName":"Nilakantha","numOfSteps":300}
{"id":"a7bf7180-b4c7-479f-b2e0-d2d29337abac","SeriesName":"Nilakantha","numOfSteps":300}
{"id":"c40261e6-35d6-49cd-b256-dd11e6688e89","SeriesName":"Nilakantha","numOfSteps":300}
{"id":"98bbfebe-b8c1-4a64-b93f-42e0545c7dc9","SeriesName":"Nilakantha","numOfSteps":300}
{"id":"940ff225-28e7-41f8-a326-5a00ff82a012","SeriesName":"Nilakantha","numOfSteps":300}
{"id":"86b1b04b-d7f9-4331-ba70-e613180b06cf","SeriesName":"Nilakantha","numOfSteps":300}
{"id":"1f16108f-61df-4a87-9ba4-57b63c4affd4","SeriesName":"Nilakantha","numOfSteps":300}
{"id":"07a53634-c011-4e74-94e0-572583423e20","SeriesName":"Nilakantha","numOfSteps":300}
{"id":"996467bf-be0f-4caf-8c90-ffe1a3a895af","SeriesName":"Nilakantha","numOfSteps":300}
{"id":"0dc149f4-10f5-4787-bc02-343d62587d30","SeriesName":"Nilakantha","numOfSteps":300}
{"id":"e2a86bc1-4ab9-47d7-9de4-afa837ec4819","SeriesName":"Nilakantha","numOfSteps":300}
{"id":"1883f281-9a4c-441b-a0cc-ce4bdc15ecf8","SeriesName":"Nilakantha","numOfSteps":300}
{"id":"a92c70cf-9416-42e8-abab-05e6fa2e3415","SeriesName":"Nilakantha","numOfSteps":300}
{"id":"e60a9db2-047e-45b5-b41d-14194ff26910","SeriesName":"Nilakantha","numOfSteps":300}
{"id":"ec77d464-8371-4cb1-8264-630ec12c7a5a","SeriesName":"Nilakantha","numOfSteps":300}
{"id":"babdda66-e44f-4c83-be73-62cc7c64dca9","SeriesName":"Nilakantha","numOfSteps":300}
{"id":"54aee611-db88-4434-8767-394da4242511","SeriesName":"Nilakantha","numOfSteps":300}
{"id":"9cd9a867-d04f-4e19-8b84-e391954a1c5d","SeriesName":"Nilakantha","numOfSteps":300}
{"id":"359b8df4-84ff-46a0-925d-41f58a1fd0b8","SeriesName":"Nilakantha","numOfSteps":300}
{"id":"c2d951dc-5083-420d-8580-c82229efcb15","SeriesName":"Nilakantha","numOfSteps":300}
{"id":"4139ed98-ba50-4bd4-949a-a6f669bc92a6","SeriesName":"Nilakantha","numOfSteps":300}
{"id":"36dcf7bc-fe73-4a37-a6b4-b3428e0d0592","SeriesName":"Nilakantha","numOfSteps":300}
{"id":"8abd0121-fb97-4aa7-ba11-301a5a41e7f8","SeriesName":"Nilakantha","numOfSteps":300}
{"id":"28efa975-e402-4fd5-89de-29e0a4542f1a","SeriesName":"Nilakantha","numOfSteps":300}
{"id":"885be98c-99a7-488e-b994-f5b92d765cb3","SeriesName":"Nilakantha","numOfSteps":300}
{"id":"74499d4a-10cb-4549-ba97-0f9e09fdebd7","SeriesName":"Nilakantha","numOfSteps":300}
{"id":"cd96b84e-61f1-45f8-b748-41bff4982a69","SeriesName":"Nilakantha","numOfSteps":300}
{"id":"6662952e-6f4d-4b47-aaaf-e634649ae332","SeriesName":"Nilakantha","numOfSteps":300}
{"id":"e5ee7585-896a-43f4-9ae7-2a8deb769982","SeriesName":"Nilakantha","numOfSteps":300}
{"id":"34b0d94e-e9aa-461f-b41e-629b6dd3da08","SeriesName":"Nilakantha","numOfSteps":300}
{"id":"1a3402ed-9764-48d4-8fc7-5927b0425c86","SeriesName":"Nilakantha","numOfSteps":300}
{"id":"705e56db-d91d-41e1-872f-57c7ccd6f92b","SeriesName":"Nilakantha","numOfSteps":300}
{"id":"29324af1-976b-4bf8-b9db-613dba05806a","SeriesName":"Nilakantha","numOfSteps":300}
{"id":"762e871c-6cdd-4b81-99e9-f4dd20af32e4","SeriesName":"Nilakantha","numOfSteps":300}
{"id":"09cc7cd9-7757-4914-8150-b0a07a8997df","SeriesName":"Nilakantha","numOfSteps":300}
{"id":"f75461db-68a9-47eb-9536-22716ea6574e","SeriesName":"Nilakantha","numOfSteps":300}
{"id":"26c97c5f-ccf8-4a1a-abb3-fbc0e6086817","SeriesName":"Nilakantha","numOfSteps":300}
{"id":"96f58de8-e9af-4805-aabf-107081b33957","SeriesName":"Nilakantha","numOfSteps":300}
{"id":"900fb172-0181-4dd1-8117-0068b75d425c","SeriesName":"Nilakantha","numOfSteps":300}
{"id":"478f2422-315b-4677-a30a-ab839d48357c","SeriesName":"Nilakantha","numOfSteps":300}
{"id":"f176f6c9-af14-4fde-9caf-40f78f1debba","SeriesName":"Nilakantha","numOfSteps":300}
{"id":"60bec4da-2c6f-4a48-b050-938ff64fe0ec","SeriesName":"Nilakantha","numOfSteps":300}
{"id":"5c99d0c1-6045-4c9b-bf12-dd0605a8b849","SeriesName":"Nilakantha","numOfSteps":300}
{"id":"1041081c-9c0f-457b-af51-7bdc0e549490","SeriesName":"Nilakantha","numOfSteps":300}
{"id":"1dabc609-6013-4e3b-a495-7ae7932e2de8","SeriesName":"Nilakantha","numOfSteps":300}
{"id":"9387bea9-95c1-4dd1-b20a-d1a53f5d0b56","SeriesName":"Nilakantha","numOfSteps":300}
{"id":"633311e9-b159-4274-bef3-366fe295ba79","SeriesName":"Nilakantha","numOfSteps":300}
{"id":"7e3c071d-d46b-4f6e-bf43-5f30dc18c929","SeriesName":"Nilakantha","numOfSteps":300}
{"id":"a067efd5-16de-49ba-b6e4-0d7b73360430","SeriesName":"Nilakantha","numOfSteps":300}
{"id":"b059266d-5ba7-4ff8-a633-75b9e4ba73cf","SeriesName":"Nilakantha","numOfSteps":300}
{"id":"b0178759-2e88-4822-adaf-ff7aa84428d6","SeriesName":"Nilakantha","numOfSteps":300}
{"id":"6322f0ab-6a51-4acc-99a5-c206477bddd5","SeriesName":"Nilakantha","numOfSteps":300}
{"id":"2f7e26a6-a81f-4d05-b0d7-73e9d852e405","SeriesName":"Nilakantha","numOfSteps":300}
{"id":"7e66a1a3-e5ab-4313-986c-bc7b2cb37e0c","SeriesName":"Nilakantha","numOfSteps":300}
{"id":"8a2bf9db-4317-4f65-8e70-6021bee1c903","SeriesName":"Nilakantha","numOfSteps":300}
{"id":"5dce336b-2335-4dff-b70e-5518e8791da2","SeriesName":"Nilakantha","numOfSteps":300}
{"id":"1020b464-71e1-4c6c-8874-8f26c11e5e2d","SeriesName":"Nilakantha","numOfSteps":300}
{"id":"6270351a-de10-4665-a541-118a99df7628","SeriesName":"Nilakantha","numOfSteps":300}
{"id":"7b225e7a-d9a1-46ba-8a49-3a8f98c8012f","SeriesName":"Nilakantha","numOfSteps":300}
{"id":"6c22dd02-f4ca-4bad-a1fd-46f110601f1d","SeriesName":"Nilakantha","numOfSteps":300}
{"id":"ae589a70-58b2-4189-b0e5-ceff81f9fa12","SeriesName":"Nilakantha","numOfSteps":300}
{"id":"1e4bab92-fbb2-4de2-b6fc-a8172c6da56c","SeriesName":"Nilakantha","numOfSteps":300}
{"id":"4e3c5a31-84ec-4bc0-8776-9434186d0d25","SeriesName":"Nilakantha","numOfSteps":300}
{"id":"14bb79c0-3447-4906-b284-66b861586275","SeriesName":"Nilakantha","numOfSteps":300}
{"id":"ca7ac839-684c-423c-97b8-57e437bff1ce","SeriesName":"Nilakantha","numOfSteps":300}
{"id":"0172be61-edab-4bf6-bdcb-c5e00b708148","SeriesName":"Nilakantha","numOfSteps":300}
]]></system-out>
  <system-err><![CDATA[]]></system-err>
</testsuite>
