<?xml version="1.0" encoding="UTF-8"?>
<testsuite name="io.exp.beampoc.stream.PI.generate.PiInstructionGeneratorTest" tests="5" skipped="0" failures="0" errors="0" timestamp="2019-09-22T11:40:51" hostname="Dexters-MacBook-Air.local" time="0.116">
  <properties/>
  <testcase name="return5SeriesName" classname="io.exp.beampoc.stream.PI.generate.PiInstructionGeneratorTest" time="0.002"/>
  <testcase name="randomInstructionStream" classname="io.exp.beampoc.stream.PI.generate.PiInstructionGeneratorTest" time="0.003"/>
  <testcase name="returnIllegalArugmentExceptionWhenSeriesNameNotFound" classname="io.exp.beampoc.stream.PI.generate.PiInstructionGeneratorTest" time="0.0"/>
  <testcase name="returnSeriesName" classname="io.exp.beampoc.stream.PI.generate.PiInstructionGeneratorTest" time="0.002"/>
  <testcase name="returnFileSeriesName" classname="io.exp.beampoc.stream.PI.generate.PiInstructionGeneratorTest" time="0.108"/>
  <system-out><![CDATA[{"id":"87c41a62-7667-4e5c-ad0d-a60f12a31ff7","SeriesName":"Nilakantha","numOfSteps":5}
{"id":"1ef49fe7-a959-488b-90df-54d0a5c490de","SeriesName":"Nilakantha","numOfSteps":1000}
{"id":"e0632985-759c-4013-aac4-d20acd996c0e","SeriesName":"GregoryLeibniz","numOfSteps":3000}
{"id":"4630e5ce-2fad-48f2-b390-249bb52b6199","SeriesName":"GregoryLeibniz","numOfSteps":2000}
{"id":"9052c33b-5ae8-40b6-bd3c-1a57b905da2e","SeriesName":"GregoryLeibniz","numOfSteps":1000}
{"id":"ff61bde9-06ae-4177-9045-fa9fb441154a","SeriesName":"GregoryLeibniz","numOfSteps":3000}
{"id":"73b03ed8-65f2-4e11-84da-12417e33f7fb","SeriesName":"GregoryLeibniz","numOfSteps":5000}
{"id":"9c05d5a5-3201-4524-abcd-e867408b9e97","SeriesName":"Nilakantha","numOfSteps":2000}
{"id":"d6578327-99f3-4206-9861-751d7a3208a1","SeriesName":"GregoryLeibniz","numOfSteps":3000}
{"id":"ef2d8d4f-b057-4997-a5de-ae9da53c8547","SeriesName":"GregoryLeibniz","numOfSteps":3000}
{"id":"d17dd48b-f8d2-420b-bce9-5fc3eae13b54","SeriesName":"GregoryLeibniz","numOfSteps":3000}
{"id":"ef4e8e4c-66d3-45ac-b687-204d969fdfcb","SeriesName":"Nilakantha","numOfSteps":2000}
{"id":"2686cc3b-c9bd-40e6-8244-b51ac55de989","SeriesName":"Nilakantha","numOfSteps":3000}
{"id":"5e645acf-4b68-4a95-bc9d-2c3d2ff61b00","SeriesName":"Nilakantha","numOfSteps":1000}
{"id":"4d629fc0-5e86-48b6-a5e7-20dee7777708","SeriesName":"Nilakantha","numOfSteps":2000}
{"id":"cdc88837-9580-491e-b335-e1a202d4d830","SeriesName":"Nilakantha","numOfSteps":4000}
{"id":"bca5ed87-6887-4e3d-a64f-611aadfc8c1d","SeriesName":"Nilakantha","numOfSteps":4000}
{"id":"04268924-aa0b-4b37-a9c2-6cb590596eae","SeriesName":"Nilakantha","numOfSteps":1000}
{"id":"a4e3bf0e-552a-40e1-9f3e-bed4d8b6f24d","SeriesName":"Nilakantha","numOfSteps":1000}
{"id":"ffa0a9b7-4c2e-471d-bd4f-5f2f99b47f3a","SeriesName":"Nilakantha","numOfSteps":2000}
{"id":"a8bd2814-f560-47c0-9e61-fe259c485130","SeriesName":"Nilakantha","numOfSteps":4000}
{"id":"526446da-75af-443e-bb36-3966eb70ac3b","SeriesName":"Nilakantha","numOfSteps":300}
{"id":"d9e93dea-e982-4492-90a1-2946f42bc8ed","SeriesName":"Nilakantha","numOfSteps":300}
{"id":"5e9d8042-1008-486d-a00b-c8b91b5386d0","SeriesName":"Nilakantha","numOfSteps":300}
{"id":"c7054a8d-350b-4e78-82a4-3b9cdaba84bf","SeriesName":"Nilakantha","numOfSteps":300}
{"id":"2b388b81-5ff0-4273-a08d-37f8d96e83fd","SeriesName":"Nilakantha","numOfSteps":300}
{"id":"0aeba6e5-d823-4fec-b0e5-ad6c28330d15","SeriesName":"Nilakantha","numOfSteps":300}
{"id":"8c611064-f6b1-417e-b264-3631b88492bf","SeriesName":"Nilakantha","numOfSteps":300}
{"id":"222c688c-efcb-4b0c-a03c-003dd5d26574","SeriesName":"Nilakantha","numOfSteps":300}
{"id":"4cb6b1b9-253b-4b2b-b02c-5776aad87c28","SeriesName":"Nilakantha","numOfSteps":300}
{"id":"99806a5c-4aee-42e8-846b-2e5fa6e3a292","SeriesName":"Nilakantha","numOfSteps":300}
{"id":"bdcc9f3c-09f8-4e04-b099-721019c426da","SeriesName":"Nilakantha","numOfSteps":300}
{"id":"0cc65687-64e0-461c-a959-d75bef7f806f","SeriesName":"Nilakantha","numOfSteps":300}
{"id":"7bd87a83-7c4d-4899-94a6-8fc11583373b","SeriesName":"Nilakantha","numOfSteps":300}
{"id":"b6628072-4434-4e0d-8864-5e2de5530e18","SeriesName":"Nilakantha","numOfSteps":300}
{"id":"3e8a1bfd-9620-4dc3-8b6b-5c4fe8ed69e6","SeriesName":"Nilakantha","numOfSteps":300}
{"id":"29cecc04-ad49-4c22-898b-0c19b6684f87","SeriesName":"Nilakantha","numOfSteps":300}
{"id":"c9c54d84-311c-4f0a-97c9-99be81a87143","SeriesName":"Nilakantha","numOfSteps":300}
{"id":"285289d6-014f-474c-9af3-0423c9ffef7a","SeriesName":"Nilakantha","numOfSteps":300}
{"id":"607def2d-3bb1-4ba2-8821-1312f46bd71e","SeriesName":"Nilakantha","numOfSteps":300}
{"id":"192af687-05d2-41f4-83a1-c7f4fe9cbe09","SeriesName":"Nilakantha","numOfSteps":300}
{"id":"4036b67d-0c6c-4cc7-9e1c-9f8891822f60","SeriesName":"Nilakantha","numOfSteps":300}
{"id":"0e5ac167-2804-4e9b-88ce-d361d1f1eb8b","SeriesName":"Nilakantha","numOfSteps":300}
{"id":"f70678da-f2ed-4a90-8caa-44fcd0cbb9ec","SeriesName":"Nilakantha","numOfSteps":300}
{"id":"b5f268fe-22b8-4db3-90d3-38625c369160","SeriesName":"Nilakantha","numOfSteps":300}
{"id":"6d5ee5e0-386d-45c4-8b35-b73735b1cb15","SeriesName":"Nilakantha","numOfSteps":300}
{"id":"2c8e79ba-3242-4ba2-a1c5-6329b113d948","SeriesName":"Nilakantha","numOfSteps":300}
{"id":"6c47dca9-7eaa-49bf-a29e-ff0f70d6e9e1","SeriesName":"Nilakantha","numOfSteps":300}
{"id":"771402f4-c901-4ef3-ae9a-fcaad12c99e5","SeriesName":"Nilakantha","numOfSteps":300}
{"id":"e032cb71-421a-47df-9904-4590c71618a0","SeriesName":"Nilakantha","numOfSteps":300}
{"id":"707ece0e-d18a-4317-85d4-30b0c1ad13f7","SeriesName":"Nilakantha","numOfSteps":300}
{"id":"9f4391f4-4a06-4bdc-bd80-391817dd6fad","SeriesName":"Nilakantha","numOfSteps":300}
{"id":"93e20744-d494-4f1a-af09-2504ffb9617c","SeriesName":"Nilakantha","numOfSteps":300}
{"id":"2f12a252-c83c-4d13-a644-15e5dbec7e56","SeriesName":"Nilakantha","numOfSteps":300}
{"id":"5bbab4e3-898c-4945-8c18-49e55558848d","SeriesName":"Nilakantha","numOfSteps":300}
{"id":"299845e1-526c-4dc1-bca2-6c5e2621fca9","SeriesName":"Nilakantha","numOfSteps":300}
{"id":"852b6721-227b-4c04-baed-332ac0cf3813","SeriesName":"Nilakantha","numOfSteps":300}
{"id":"153cf561-749c-45ef-98bc-4bbf04b5d5ee","SeriesName":"Nilakantha","numOfSteps":300}
{"id":"bc01d40a-d5ff-44f3-b3c3-7ef42eac0a36","SeriesName":"Nilakantha","numOfSteps":300}
{"id":"2b493798-6fa8-44c7-b902-b209610442b3","SeriesName":"Nilakantha","numOfSteps":300}
{"id":"3771458b-73af-4fcf-95ee-35c6eec637d0","SeriesName":"Nilakantha","numOfSteps":300}
{"id":"f0a1e4be-bf72-4ec1-9fe4-882601037aea","SeriesName":"Nilakantha","numOfSteps":300}
{"id":"d3ac5ee4-37cb-4803-b10f-60895cb3fe28","SeriesName":"Nilakantha","numOfSteps":300}
{"id":"6deca487-1cf1-449a-b3eb-7e6db130c039","SeriesName":"Nilakantha","numOfSteps":300}
{"id":"ca2d5570-22ca-4b58-8a48-de849948644b","SeriesName":"Nilakantha","numOfSteps":300}
{"id":"0f6ad26c-4aa5-4536-9926-853dcea96b28","SeriesName":"Nilakantha","numOfSteps":300}
{"id":"95cf568a-a8c1-4224-8bce-49e446caeca5","SeriesName":"Nilakantha","numOfSteps":300}
{"id":"da133908-f6e3-4b7f-b550-9aefb07648da","SeriesName":"Nilakantha","numOfSteps":300}
{"id":"80e2813f-7171-4906-802d-5745b4292a7e","SeriesName":"Nilakantha","numOfSteps":300}
{"id":"7d461af8-b8aa-4e1b-9179-b06964223067","SeriesName":"Nilakantha","numOfSteps":300}
{"id":"db7e5e7b-5d91-4cc1-b736-4eb6df77ce7b","SeriesName":"Nilakantha","numOfSteps":300}
{"id":"653d636b-0b0b-47e7-8735-96c0617b121c","SeriesName":"Nilakantha","numOfSteps":300}
{"id":"df4fd11a-f586-4986-997a-ff0d6abd3dd5","SeriesName":"Nilakantha","numOfSteps":300}
{"id":"34c4e546-f4fc-4421-aaac-a88d4ed3335d","SeriesName":"Nilakantha","numOfSteps":300}
{"id":"4f06cfa4-ce86-42f6-a6c8-6890e58ecfef","SeriesName":"Nilakantha","numOfSteps":300}
{"id":"10a5ecbd-b7a5-44dc-b6a5-4f5115e90cd6","SeriesName":"Nilakantha","numOfSteps":300}
{"id":"5e97e6af-bc79-482c-a621-659260c9a52d","SeriesName":"Nilakantha","numOfSteps":300}
{"id":"b9be7bb1-f193-42a8-95a2-ce0dd15fd5a5","SeriesName":"Nilakantha","numOfSteps":300}
{"id":"fd5a819e-19e5-496c-a7f0-42ffd920ea4e","SeriesName":"Nilakantha","numOfSteps":300}
{"id":"288551ef-db7e-48db-b4ff-13e65696d8af","SeriesName":"Nilakantha","numOfSteps":300}
{"id":"56863ee7-4f26-4699-a10a-91775a4dd191","SeriesName":"Nilakantha","numOfSteps":300}
{"id":"a2831e29-0200-4fa9-8a97-428f196ef8fb","SeriesName":"Nilakantha","numOfSteps":300}
{"id":"f2e1b904-410e-41d0-be21-0e98d6790c8e","SeriesName":"Nilakantha","numOfSteps":300}
{"id":"4a66002c-584e-4a38-bbd6-3c0e135ade3c","SeriesName":"Nilakantha","numOfSteps":300}
{"id":"39a1dd7c-eb0d-4ed8-9fab-af82209223c2","SeriesName":"Nilakantha","numOfSteps":300}
{"id":"51561911-c682-4648-ad36-2084b8f29229","SeriesName":"Nilakantha","numOfSteps":300}
{"id":"14b62024-494a-41c3-918e-4133dac36dbe","SeriesName":"Nilakantha","numOfSteps":300}
{"id":"50ee1e78-51a1-499d-87e9-683a9a0ef335","SeriesName":"Nilakantha","numOfSteps":300}
{"id":"7cad9579-8451-4ea3-a0ac-dbfb96ecb016","SeriesName":"Nilakantha","numOfSteps":300}
{"id":"5d30758c-9aee-491b-86a8-3ea9e9ba97ee","SeriesName":"Nilakantha","numOfSteps":300}
{"id":"8937c990-fbf8-410d-85cb-39641db777bd","SeriesName":"Nilakantha","numOfSteps":300}
{"id":"c4d39ec8-81f6-4a7d-9237-348091beef17","SeriesName":"Nilakantha","numOfSteps":300}
{"id":"d3fe3015-4b15-4db9-8931-a72a468d0213","SeriesName":"Nilakantha","numOfSteps":300}
{"id":"b4c78035-cf26-485a-91d1-5cb49e85f620","SeriesName":"Nilakantha","numOfSteps":300}
{"id":"b52ba923-1ca0-43ad-ac6d-203c9dc2a099","SeriesName":"Nilakantha","numOfSteps":300}
{"id":"d65407cd-49bc-4e90-a5b5-52c32ac1f29b","SeriesName":"Nilakantha","numOfSteps":300}
{"id":"000abf00-0070-4ee8-9fd9-a2715876ae78","SeriesName":"Nilakantha","numOfSteps":300}
{"id":"e7eeadcf-06f1-4669-bad6-6fb16856e26b","SeriesName":"Nilakantha","numOfSteps":300}
{"id":"17fc0e52-f77a-4235-a16d-75c361a747d5","SeriesName":"Nilakantha","numOfSteps":300}
{"id":"2afa47c8-73ae-4369-aced-2854da078c02","SeriesName":"Nilakantha","numOfSteps":300}
{"id":"71925131-73a0-43bc-b03b-87519bfa3863","SeriesName":"Nilakantha","numOfSteps":300}
{"id":"1123af12-ebbe-4d8b-ab92-d251280ea2ff","SeriesName":"Nilakantha","numOfSteps":300}
{"id":"eae2522f-66ea-4cc3-8232-e67a7901c34d","SeriesName":"Nilakantha","numOfSteps":300}
{"id":"83e27a86-d343-4360-9136-a67c2d55c78e","SeriesName":"Nilakantha","numOfSteps":300}
{"id":"b03b6219-c645-4129-92dd-388ba97f0b1e","SeriesName":"Nilakantha","numOfSteps":300}
{"id":"bd538348-b399-4055-a90f-ff5efeba7aaf","SeriesName":"Nilakantha","numOfSteps":300}
{"id":"0c9f7298-8692-44ea-b72e-7011fa22a2bd","SeriesName":"Nilakantha","numOfSteps":300}
{"id":"38b6c0b9-8a04-47bc-a7a3-a384ef2a278c","SeriesName":"Nilakantha","numOfSteps":300}
{"id":"6d9867e5-c6c8-4cbe-b66b-6749dbe90260","SeriesName":"Nilakantha","numOfSteps":300}
{"id":"fde39529-2866-4fa0-b20d-61a859fc30d7","SeriesName":"Nilakantha","numOfSteps":300}
{"id":"27cb5e34-019e-427f-af6b-c4bf8f908350","SeriesName":"Nilakantha","numOfSteps":300}
{"id":"0be638a0-2bfb-4978-84ce-729daf9be407","SeriesName":"Nilakantha","numOfSteps":300}
{"id":"292ed537-73c2-48e5-af19-4a5a21dbe995","SeriesName":"Nilakantha","numOfSteps":300}
{"id":"4a1a3fe9-f8f1-437c-94cb-66944ff4d4ff","SeriesName":"Nilakantha","numOfSteps":300}
{"id":"6300a105-0dc5-4f0c-b6c0-3b0d16c0188a","SeriesName":"Nilakantha","numOfSteps":300}
{"id":"ee23041a-ba68-4a63-adcd-9d94b4e54a34","SeriesName":"Nilakantha","numOfSteps":300}
{"id":"a906dc3e-1be3-48dd-be48-c60db5c3fd48","SeriesName":"Nilakantha","numOfSteps":300}
{"id":"31967304-2f53-448c-ab7f-4746294cbd9e","SeriesName":"Nilakantha","numOfSteps":300}
{"id":"585ad59e-daf0-4f68-8313-6c023e8a1344","SeriesName":"Nilakantha","numOfSteps":300}
{"id":"d7fa550c-4192-40d1-b393-4247b7e8dfef","SeriesName":"Nilakantha","numOfSteps":300}
{"id":"68fa75fd-9900-481f-a22b-1ea8cbfa1516","SeriesName":"Nilakantha","numOfSteps":300}
{"id":"10cdad7f-e85f-4bbe-be9e-b95245e91715","SeriesName":"Nilakantha","numOfSteps":300}
{"id":"28e2b080-1a12-4c69-b8b6-0fb0759d512c","SeriesName":"Nilakantha","numOfSteps":300}
{"id":"5d1de8b8-8f45-47fd-bb5f-92ffab95e1f3","SeriesName":"Nilakantha","numOfSteps":300}
{"id":"a9ef7235-185a-4ce0-acf9-eb3834debf7d","SeriesName":"Nilakantha","numOfSteps":300}
{"id":"e2fff426-dae5-4a06-bc17-c194e0556aa0","SeriesName":"Nilakantha","numOfSteps":300}
{"id":"448240ef-787c-4380-99c8-fc6b27c379c5","SeriesName":"Nilakantha","numOfSteps":300}
{"id":"c642a91c-65c4-46fc-98d3-a8ef96cd4df0","SeriesName":"Nilakantha","numOfSteps":300}
{"id":"baf74a8f-34e7-4e6e-9351-4672af772f4f","SeriesName":"Nilakantha","numOfSteps":300}
{"id":"d5fa5fcd-3d33-4288-993d-6ad5e2959329","SeriesName":"Nilakantha","numOfSteps":300}
{"id":"09a14fe7-c703-485e-a76b-6ce7ca7e6780","SeriesName":"Nilakantha","numOfSteps":300}
{"id":"dab00314-b094-4029-87f6-cdb19fad877d","SeriesName":"Nilakantha","numOfSteps":300}
{"id":"e20b0449-0ee9-498b-95ca-780c85d7eea9","SeriesName":"Nilakantha","numOfSteps":300}
{"id":"97175736-f1d4-4f52-8561-74ba5533e1fb","SeriesName":"Nilakantha","numOfSteps":300}
{"id":"dad6611a-5446-49b8-b4b6-09f1fe13842b","SeriesName":"Nilakantha","numOfSteps":300}
{"id":"7b136201-2164-4771-b18c-b2968922043a","SeriesName":"Nilakantha","numOfSteps":300}
{"id":"2d927361-8b37-446f-a717-6b2d94276fae","SeriesName":"Nilakantha","numOfSteps":300}
{"id":"deacfe76-0fa9-455f-a9fe-a449d6c83bcb","SeriesName":"Nilakantha","numOfSteps":300}
{"id":"c9bb6fbf-3e59-4848-8ef1-74d611373032","SeriesName":"Nilakantha","numOfSteps":300}
{"id":"29341127-f485-4e09-bcfb-68b4c2348545","SeriesName":"Nilakantha","numOfSteps":300}
{"id":"efd7479c-dfe4-4cf4-8004-3cd69a6552e8","SeriesName":"Nilakantha","numOfSteps":300}
{"id":"0aca425f-4235-42d3-90f2-cb2cb64eb194","SeriesName":"Nilakantha","numOfSteps":300}
{"id":"0e995928-93f7-4417-8839-a0f8cb12b6e2","SeriesName":"Nilakantha","numOfSteps":300}
{"id":"19a9223e-21dc-4809-93df-c2c3f899f509","SeriesName":"Nilakantha","numOfSteps":300}
{"id":"5c75a43f-6699-41d8-9faf-9bb94a6599cd","SeriesName":"Nilakantha","numOfSteps":300}
{"id":"72e4c3b0-6830-4565-b4ac-e2564f5ae1f0","SeriesName":"Nilakantha","numOfSteps":300}
{"id":"4a2cbf5a-2567-4408-8f53-a4d4377e86f7","SeriesName":"Nilakantha","numOfSteps":300}
{"id":"77ddc505-5357-442a-a313-ccaa8de45190","SeriesName":"Nilakantha","numOfSteps":300}
{"id":"df523700-b026-4a3a-a72c-ff57ab5f3342","SeriesName":"Nilakantha","numOfSteps":300}
{"id":"b28edb72-8fad-4597-8dda-63bf4301d1c6","SeriesName":"Nilakantha","numOfSteps":300}
{"id":"d667745d-8da8-40d5-8848-7bf7a9244843","SeriesName":"Nilakantha","numOfSteps":300}
{"id":"167bf4e6-2d82-42f2-bbc7-b77128d83448","SeriesName":"Nilakantha","numOfSteps":300}
{"id":"72e9a433-9b19-4e20-9871-542828940115","SeriesName":"Nilakantha","numOfSteps":300}
{"id":"fad471ce-1d53-4e55-876d-7b30b1e2cddb","SeriesName":"Nilakantha","numOfSteps":300}
{"id":"a7f4803b-6a98-409e-b032-23d581d57095","SeriesName":"Nilakantha","numOfSteps":300}
{"id":"9a9f4c10-8357-44a7-b10f-7d9ef25c3a69","SeriesName":"Nilakantha","numOfSteps":300}
{"id":"c608f43f-065d-4ed9-876f-74dbb783f08e","SeriesName":"Nilakantha","numOfSteps":300}
{"id":"deb669d1-6165-4891-8226-d4abf67b2cc4","SeriesName":"Nilakantha","numOfSteps":300}
{"id":"f5df1d06-b604-4e14-863f-1da84001cb08","SeriesName":"Nilakantha","numOfSteps":300}
{"id":"6d826d3f-714d-4e88-bef3-3d1772445120","SeriesName":"Nilakantha","numOfSteps":300}
{"id":"451d004a-f620-418a-b4f1-836dff9bb439","SeriesName":"Nilakantha","numOfSteps":300}
{"id":"f3f0b8b9-9878-4320-a4ea-e1705c73788e","SeriesName":"Nilakantha","numOfSteps":300}
{"id":"f96c4a9c-f691-4c99-bd3e-3cd01ffa9509","SeriesName":"Nilakantha","numOfSteps":300}
{"id":"57319935-8199-4682-ae53-85c20a9a5dea","SeriesName":"Nilakantha","numOfSteps":300}
{"id":"8576b417-5bfd-4e19-b87a-47e0ae233e3d","SeriesName":"Nilakantha","numOfSteps":300}
{"id":"55a78e4f-c424-4b20-8a4b-d285e1ce523c","SeriesName":"Nilakantha","numOfSteps":300}
{"id":"c1d725f9-aac6-4581-9ec2-0dc51da79c50","SeriesName":"Nilakantha","numOfSteps":300}
{"id":"746bcadd-5c09-44b8-8795-0c3177324ce0","SeriesName":"Nilakantha","numOfSteps":300}
{"id":"3153af9b-31d6-4ccb-997b-d4203fa4dc33","SeriesName":"Nilakantha","numOfSteps":300}
{"id":"a9ae281b-e232-4767-88a7-cecb02689593","SeriesName":"Nilakantha","numOfSteps":300}
{"id":"c245f2d8-d76e-488d-b07e-1c348cf3417e","SeriesName":"Nilakantha","numOfSteps":300}
{"id":"b7921433-8d9b-40e5-94c7-777e83f405f8","SeriesName":"Nilakantha","numOfSteps":300}
{"id":"a5c5050e-ce7d-4046-a278-22a2215f8e6f","SeriesName":"Nilakantha","numOfSteps":300}
{"id":"b990d186-046c-4688-b6ff-7d8ee340aa48","SeriesName":"Nilakantha","numOfSteps":300}
{"id":"19a47bd1-f1a5-4991-b6c1-bb283d1f205e","SeriesName":"Nilakantha","numOfSteps":300}
{"id":"900b2114-eeb2-4259-b742-52de0501575a","SeriesName":"Nilakantha","numOfSteps":300}
{"id":"5af8596a-a0dd-49bb-b26f-5e4836ad5b1a","SeriesName":"Nilakantha","numOfSteps":300}
{"id":"b59ab50c-464f-4c34-af0d-b312f073d9c2","SeriesName":"Nilakantha","numOfSteps":300}
{"id":"b48119bf-87fe-4ed8-89f9-8117ff960054","SeriesName":"Nilakantha","numOfSteps":300}
{"id":"4799ef59-abe3-4f90-98fa-9cbcd32dd313","SeriesName":"Nilakantha","numOfSteps":300}
{"id":"cbc2f05a-69ea-4073-9ff5-d403608c53e2","SeriesName":"Nilakantha","numOfSteps":300}
{"id":"e1512abd-8372-4bf4-9dc2-23099b3a282f","SeriesName":"Nilakantha","numOfSteps":300}
{"id":"849f80a9-5e78-47de-ac7a-956c6b13f46d","SeriesName":"Nilakantha","numOfSteps":300}
{"id":"92d66a7b-b762-43e1-8247-4e3507fe4389","SeriesName":"Nilakantha","numOfSteps":300}
{"id":"8eec8a76-6a00-42a1-9e8c-ba1ff2d89377","SeriesName":"Nilakantha","numOfSteps":300}
{"id":"5ed360f8-cd1f-4f10-ac22-eebafb6cd7e6","SeriesName":"Nilakantha","numOfSteps":300}
{"id":"72d1f60a-7e45-47a5-89a8-b0486b5bc0a6","SeriesName":"Nilakantha","numOfSteps":300}
{"id":"b48bf99f-5d53-41be-862e-24e3885265e4","SeriesName":"Nilakantha","numOfSteps":300}
{"id":"68c88932-4acd-422f-8dcc-e84cee315875","SeriesName":"Nilakantha","numOfSteps":300}
{"id":"dc26f584-aaeb-4145-bf45-d750b7f688cb","SeriesName":"Nilakantha","numOfSteps":300}
{"id":"7e36ad54-1b5a-40a1-a5a4-e683d254a83f","SeriesName":"Nilakantha","numOfSteps":300}
{"id":"dffb7d50-36a7-4469-94a3-52ca845ed3fa","SeriesName":"Nilakantha","numOfSteps":300}
{"id":"95cc5290-f9f0-4953-98b3-18597c5fa7ce","SeriesName":"Nilakantha","numOfSteps":300}
{"id":"14bd7e0e-319c-4847-b9ee-7edd8d860213","SeriesName":"Nilakantha","numOfSteps":300}
{"id":"a4c1502a-cab1-4b51-9445-0fa68672cffd","SeriesName":"Nilakantha","numOfSteps":300}
{"id":"3ecf26b4-79d0-4b29-a0ee-97ae8cb418a0","SeriesName":"Nilakantha","numOfSteps":300}
{"id":"c6851aa9-9f09-4cf4-a8f5-856aa79b6fc6","SeriesName":"Nilakantha","numOfSteps":300}
{"id":"7153a2a6-adce-455a-af2d-8a8fe30199b2","SeriesName":"Nilakantha","numOfSteps":300}
{"id":"3b97d18c-39c0-44aa-8e60-3c4e76f187b3","SeriesName":"Nilakantha","numOfSteps":300}
{"id":"c9abeace-f043-4227-b901-d59551a4495f","SeriesName":"Nilakantha","numOfSteps":300}
{"id":"91d0dc2b-2f8b-42ce-af63-d2fc53e2155a","SeriesName":"Nilakantha","numOfSteps":300}
{"id":"dacc5034-3bc9-4c7e-960c-a6999bd1684e","SeriesName":"Nilakantha","numOfSteps":300}
{"id":"f4ddb9c4-7eae-4884-a426-59f604626204","SeriesName":"Nilakantha","numOfSteps":300}
{"id":"4dc19559-0d97-4580-925a-c5735d58b687","SeriesName":"Nilakantha","numOfSteps":300}
{"id":"2b67de75-a226-4341-9b65-8fc30c3cf9b3","SeriesName":"Nilakantha","numOfSteps":300}
{"id":"16c47982-10a2-48b9-baa7-b3b2b1a2f898","SeriesName":"Nilakantha","numOfSteps":300}
{"id":"93864b90-2190-49dd-965e-31b09122987c","SeriesName":"Nilakantha","numOfSteps":300}
{"id":"e22a29ef-153a-4d91-9cab-3c91e5a73ba8","SeriesName":"Nilakantha","numOfSteps":300}
{"id":"20d06519-cbe4-4110-8fa5-a1a1badd9888","SeriesName":"Nilakantha","numOfSteps":300}
{"id":"a24f7e15-a574-4b25-a36b-4b3803656cb4","SeriesName":"Nilakantha","numOfSteps":300}
{"id":"8750372a-223d-4cc2-8afc-4737f4d3f997","SeriesName":"Nilakantha","numOfSteps":300}
{"id":"a08ad495-e58a-4dae-8894-2aae4c85bc13","SeriesName":"Nilakantha","numOfSteps":300}
{"id":"9a39203f-7452-48aa-b013-e58f902a503f","SeriesName":"Nilakantha","numOfSteps":300}
{"id":"6bb298ff-eb77-40fd-9a78-bbb39192c16d","SeriesName":"Nilakantha","numOfSteps":300}
{"id":"4e6ca7bb-298e-4685-b5f1-fbe29f25e31e","SeriesName":"Nilakantha","numOfSteps":300}
{"id":"7f553b23-76d4-4252-9311-061d68e2178a","SeriesName":"Nilakantha","numOfSteps":300}
{"id":"a3ede550-4551-4268-96d9-eec3d32c020b","SeriesName":"Nilakantha","numOfSteps":300}
{"id":"8db297ef-addd-418f-acbd-b56478100379","SeriesName":"Nilakantha","numOfSteps":300}
{"id":"3bfba743-93ed-40ca-ab72-7fc195e50a69","SeriesName":"Nilakantha","numOfSteps":300}
{"id":"0a2b8185-32e0-4ef3-9ed1-e61b1a1976b0","SeriesName":"Nilakantha","numOfSteps":300}
{"id":"45e04c8f-5acd-4ce3-863d-d0f8e13a6897","SeriesName":"Nilakantha","numOfSteps":300}
{"id":"5110569a-baf7-4c63-af52-c12350f62fbc","SeriesName":"Nilakantha","numOfSteps":300}
{"id":"4b079b6b-a862-4317-aafe-14baa28abd13","SeriesName":"Nilakantha","numOfSteps":300}
{"id":"e8714a31-73fc-4b01-94cc-0aa8cff7ae5b","SeriesName":"Nilakantha","numOfSteps":300}
{"id":"49a35b92-b01d-4f2c-89d8-fc4f78a89460","SeriesName":"Nilakantha","numOfSteps":300}
{"id":"8993078b-5733-41b9-8643-e18c83503c9d","SeriesName":"Nilakantha","numOfSteps":300}
{"id":"f983e68e-1923-4abc-8284-7cc01f27d346","SeriesName":"Nilakantha","numOfSteps":300}
{"id":"b3d11734-4a49-4f9a-8cf1-51663c1e7d4b","SeriesName":"Nilakantha","numOfSteps":300}
{"id":"ae1200b9-4766-4901-a7dd-f6c0525049d6","SeriesName":"Nilakantha","numOfSteps":300}
{"id":"14698c93-00ef-40f5-93a4-06f612d4295c","SeriesName":"Nilakantha","numOfSteps":300}
{"id":"5f35106e-8992-4eaa-a1f1-cd0b55fe889f","SeriesName":"Nilakantha","numOfSteps":300}
{"id":"f88ec581-480b-4759-98a6-ace425976da6","SeriesName":"Nilakantha","numOfSteps":300}
{"id":"c2e7adf4-d007-4a76-b1c9-04e5d6ae703a","SeriesName":"Nilakantha","numOfSteps":300}
{"id":"4b5a0692-d218-4b6f-b981-c25cceaec2a5","SeriesName":"Nilakantha","numOfSteps":300}
{"id":"21db5d24-6d94-470f-8bc4-86bb84a4059b","SeriesName":"Nilakantha","numOfSteps":300}
{"id":"cf6f3cff-df7a-4c48-99c6-886cddbc5aa0","SeriesName":"Nilakantha","numOfSteps":300}
{"id":"5ae0730f-3040-4073-bf1a-070148b0aa10","SeriesName":"Nilakantha","numOfSteps":300}
{"id":"b074441b-b0b2-45cc-8f2f-df616aa71a25","SeriesName":"Nilakantha","numOfSteps":300}
{"id":"166408ca-6954-4fe8-9161-96e7d3926341","SeriesName":"Nilakantha","numOfSteps":300}
{"id":"2b5df506-7e8d-4baf-889f-2b80bfaabb42","SeriesName":"Nilakantha","numOfSteps":300}
{"id":"a857cf0c-8d23-4675-bfb1-21ab3b5b79ca","SeriesName":"Nilakantha","numOfSteps":300}
{"id":"666065d6-4d07-4e31-9a6f-cb6eecd7b697","SeriesName":"Nilakantha","numOfSteps":300}
{"id":"7ec38804-9cc0-4763-bacd-7a3ca994ffb1","SeriesName":"Nilakantha","numOfSteps":300}
{"id":"6df57b24-f8ed-4a3b-8e1d-8db42c591f95","SeriesName":"Nilakantha","numOfSteps":300}
{"id":"6aa45dc6-71d4-42a3-91b1-8b15e7b26fa7","SeriesName":"Nilakantha","numOfSteps":300}
{"id":"36b43f3a-c1e6-4f6d-9414-479aa252c244","SeriesName":"Nilakantha","numOfSteps":300}
{"id":"f4cdac17-e8e7-4073-861f-a5336adc200a","SeriesName":"Nilakantha","numOfSteps":300}
{"id":"43195199-e95d-43e9-9a8b-05ad49b9f7ab","SeriesName":"Nilakantha","numOfSteps":300}
{"id":"c07990d8-05e7-483b-8abd-27a57a052d0b","SeriesName":"Nilakantha","numOfSteps":300}
{"id":"9a2873cc-5ca2-4415-b5c1-a5c1aec5a402","SeriesName":"Nilakantha","numOfSteps":300}
{"id":"5bf392f3-e92e-4cd7-a8eb-e15c962b81c5","SeriesName":"Nilakantha","numOfSteps":300}
{"id":"90411877-711a-4326-bc7e-054ba97d457d","SeriesName":"Nilakantha","numOfSteps":300}
{"id":"817f2f66-ea4a-405e-acd0-cb5300fb6f95","SeriesName":"Nilakantha","numOfSteps":300}
{"id":"5215adcd-7c18-469d-bc90-0182abc85eac","SeriesName":"Nilakantha","numOfSteps":300}
{"id":"91e7750f-fed9-40cb-a704-4fbee3191d76","SeriesName":"Nilakantha","numOfSteps":300}
{"id":"f640c816-de9f-405c-9286-2df0ca2bfc78","SeriesName":"Nilakantha","numOfSteps":300}
{"id":"ebea653e-e5ab-4c17-8976-e30729bb6548","SeriesName":"Nilakantha","numOfSteps":300}
{"id":"364ebebe-8d47-4a0a-8c0d-e1a2ed1bf2d9","SeriesName":"Nilakantha","numOfSteps":300}
{"id":"7ccf67e7-fd4d-4c63-a6c7-04bdfc7c475a","SeriesName":"Nilakantha","numOfSteps":300}
{"id":"d06ab0a4-d092-484e-b7db-3be73548cf15","SeriesName":"Nilakantha","numOfSteps":300}
{"id":"07964a21-c3e1-4f1e-a8bd-e799a9ba7d2c","SeriesName":"Nilakantha","numOfSteps":300}
{"id":"bb7892c7-dd2d-4c75-8701-6c986ee1be9c","SeriesName":"Nilakantha","numOfSteps":300}
{"id":"ab148cb3-e29f-49d8-84da-2c430ebb9260","SeriesName":"Nilakantha","numOfSteps":300}
{"id":"f8ac5d00-df29-4f60-8a8d-96086484ae96","SeriesName":"Nilakantha","numOfSteps":300}
{"id":"5924da84-f0aa-4534-b3f2-3c879aa435e0","SeriesName":"Nilakantha","numOfSteps":300}
{"id":"6b392581-0dd2-4789-9c74-159f7231ea04","SeriesName":"Nilakantha","numOfSteps":300}
{"id":"02b83b63-03d6-4f25-8fab-aa56bf9b72b7","SeriesName":"Nilakantha","numOfSteps":300}
{"id":"aab4dbfb-41b8-46fe-907e-250413fb7fa7","SeriesName":"Nilakantha","numOfSteps":300}
{"id":"e1925af7-08d0-4531-87eb-aa5e18459f3c","SeriesName":"Nilakantha","numOfSteps":300}
{"id":"09a04100-3e1f-4506-9e7d-19ddb57f672b","SeriesName":"Nilakantha","numOfSteps":300}
{"id":"5dad5b64-26ed-42e5-929e-99aec833037a","SeriesName":"Nilakantha","numOfSteps":300}
{"id":"9e5c1e47-d028-46ce-a579-efd1a9aa7738","SeriesName":"Nilakantha","numOfSteps":300}
{"id":"9ab09e83-ddca-4d0e-a299-dcffc9ae2e0c","SeriesName":"Nilakantha","numOfSteps":300}
{"id":"3776dc7b-f922-4639-8f37-e0b97ac2d621","SeriesName":"Nilakantha","numOfSteps":300}
{"id":"5b384251-247d-407c-b999-3d8fd3ae23c4","SeriesName":"Nilakantha","numOfSteps":300}
{"id":"d09b731c-6c22-449a-9493-ad428eca9d80","SeriesName":"Nilakantha","numOfSteps":300}
{"id":"dbd31117-1a0f-4bf6-9a31-b1eb226e8fd2","SeriesName":"Nilakantha","numOfSteps":300}
{"id":"d8a7e80a-0bbc-442e-95bd-89335842224b","SeriesName":"Nilakantha","numOfSteps":300}
{"id":"15c3aab1-a085-4c11-9047-0ec8032114be","SeriesName":"Nilakantha","numOfSteps":300}
{"id":"4ed10a5b-4cfc-4bdf-be23-4450d995749d","SeriesName":"Nilakantha","numOfSteps":300}
{"id":"860bab05-91f5-4819-9eb9-975b2304577a","SeriesName":"Nilakantha","numOfSteps":300}
{"id":"e01edfa8-9887-4216-94f6-2377d0c7d239","SeriesName":"Nilakantha","numOfSteps":300}
{"id":"06cd0e40-7905-4b18-848a-f8ab464b2708","SeriesName":"Nilakantha","numOfSteps":300}
{"id":"dd2c7019-66f0-4c48-a908-82052e682b10","SeriesName":"Nilakantha","numOfSteps":300}
{"id":"2cb248c3-0f7d-4359-b236-3aab0e89ee51","SeriesName":"Nilakantha","numOfSteps":300}
{"id":"70ead910-f2a9-4903-91de-f86a27f98131","SeriesName":"Nilakantha","numOfSteps":300}
{"id":"bdde3a0b-a3a0-4beb-86b6-692ba6ce865d","SeriesName":"Nilakantha","numOfSteps":300}
{"id":"fce86b21-c112-4abe-b5bf-9a7fda51075b","SeriesName":"Nilakantha","numOfSteps":300}
{"id":"b6191e7d-8cf1-438d-be88-144195190903","SeriesName":"Nilakantha","numOfSteps":300}
{"id":"664b4c7b-890f-486e-a368-abf69530a4ae","SeriesName":"Nilakantha","numOfSteps":300}
{"id":"14fccc40-7422-46b6-8d7f-1ccc9faf089c","SeriesName":"Nilakantha","numOfSteps":300}
{"id":"09aec9e2-78e9-4f2a-bdc6-84716e9b3bda","SeriesName":"Nilakantha","numOfSteps":300}
{"id":"8d1dfd8e-0a03-45c1-a4c1-cba04464bc3e","SeriesName":"Nilakantha","numOfSteps":300}
{"id":"75eb77f9-c9ae-4389-98cc-a77b1763d571","SeriesName":"Nilakantha","numOfSteps":300}
{"id":"c74394e2-3728-4853-9b8a-036cd43f9a13","SeriesName":"Nilakantha","numOfSteps":300}
{"id":"482d1cfe-0604-4388-880a-97d3e4ed7a3f","SeriesName":"Nilakantha","numOfSteps":300}
{"id":"daa2d1d0-7998-44cf-8b71-6c9eff0a2a7c","SeriesName":"Nilakantha","numOfSteps":300}
{"id":"1c130082-5d55-40e4-9f04-d559fd12e67d","SeriesName":"Nilakantha","numOfSteps":300}
{"id":"cc37926c-6731-4f54-b675-e2e650d01513","SeriesName":"Nilakantha","numOfSteps":300}
{"id":"8250e7a4-21ed-4726-ac2f-beeb4c39d441","SeriesName":"Nilakantha","numOfSteps":300}
{"id":"d4ef7351-4b1c-4224-a471-274ef2881dc1","SeriesName":"Nilakantha","numOfSteps":300}
{"id":"13c34113-6b07-45d6-871d-251c3ef089ce","SeriesName":"Nilakantha","numOfSteps":300}
{"id":"cf098ff5-2e6c-479d-b2f0-004f8de4868c","SeriesName":"Nilakantha","numOfSteps":300}
{"id":"9e8bf694-d174-4b39-ac42-d3b774ad9e44","SeriesName":"Nilakantha","numOfSteps":300}
{"id":"fc4c450c-ae61-48ac-ad3f-7da785b0873d","SeriesName":"Nilakantha","numOfSteps":300}
{"id":"96bd134c-5e5f-4f8b-acae-2b0e776fdc05","SeriesName":"Nilakantha","numOfSteps":300}
{"id":"7729b544-c8f5-4741-8803-a80d4dff9f6e","SeriesName":"Nilakantha","numOfSteps":300}
{"id":"5a1ca3b7-3d58-4b5e-960f-c985d59cbeed","SeriesName":"Nilakantha","numOfSteps":300}
{"id":"7b6da5ad-157a-4369-b4b2-c504e4fbb2bf","SeriesName":"Nilakantha","numOfSteps":300}
{"id":"cebafb33-6e19-4466-a274-2f02d7a0dcce","SeriesName":"Nilakantha","numOfSteps":300}
{"id":"2c43b670-d025-4893-becb-6170dfe0547b","SeriesName":"Nilakantha","numOfSteps":300}
{"id":"84e39d8e-0b5b-4055-b4b8-982cdd7801cb","SeriesName":"Nilakantha","numOfSteps":300}
{"id":"486bc6d6-22d3-4b67-b01f-013a5866cac9","SeriesName":"Nilakantha","numOfSteps":300}
{"id":"acc83685-e186-4ccd-8fea-77089d1c2570","SeriesName":"Nilakantha","numOfSteps":300}
{"id":"e3553830-2d95-474a-b999-2d8cbdf7f43b","SeriesName":"Nilakantha","numOfSteps":300}
{"id":"f7f79660-296b-45c1-a6d6-2e92882fad72","SeriesName":"Nilakantha","numOfSteps":300}
{"id":"01533675-c0f5-4d04-be69-6bd8ebc26b5f","SeriesName":"Nilakantha","numOfSteps":300}
{"id":"321ce0b5-a63d-4099-8cda-ac6480d4a6d1","SeriesName":"Nilakantha","numOfSteps":300}
{"id":"f62ad8c2-9817-421d-84cd-c266e9502921","SeriesName":"Nilakantha","numOfSteps":300}
{"id":"04bb2365-fb8a-4f8e-8a18-c0688507e06c","SeriesName":"Nilakantha","numOfSteps":300}
{"id":"1cffe384-499d-46d8-809e-75b82d2e61fb","SeriesName":"Nilakantha","numOfSteps":300}
]]></system-out>
  <system-err><![CDATA[]]></system-err>
</testsuite>
