<?xml version="1.0" encoding="UTF-8"?>
<testsuite name="io.exp.beampoc.stream.PI.Model.PiInfiniteSeriesFactoryTest" tests="2" skipped="0" failures="0" errors="0" timestamp="2019-05-13T03:41:47" hostname="Dexters-MacBook-Air.local" time="0.258">
  <properties/>
  <testcase name="runThread" classname="io.exp.beampoc.stream.PI.Model.PiInfiniteSeriesFactoryTest" time="0.015"/>
  <testcase name="createTerm" classname="io.exp.beampoc.stream.PI.Model.PiInfiniteSeriesFactoryTest" time="0.242"/>
  <system-out><![CDATA[]]></system-out>
  <system-err><![CDATA[]]></system-err>
</testsuite>
