<?xml version="1.0" encoding="UTF-8"?>
<testsuite name="io.exp.beampoc.model.PI.Model.PIInstructionFactoryTest" tests="3" skipped="0" failures="0" errors="0" timestamp="2019-05-11T06:28:37" hostname="Dexters-MacBook-Air.local" time="0.011">
  <properties/>
  <testcase name="shouldGenerateInstruction" classname="io.exp.beampoc.model.PI.Model.PIInstructionFactoryTest" time="0.005"/>
  <testcase name="shouldThrowExceptionIfSteplessthan1" classname="io.exp.beampoc.model.PI.Model.PIInstructionFactoryTest" time="0.001"/>
  <testcase name="shouldThrowExceptionIfSeriesNotFound" classname="io.exp.beampoc.model.PI.Model.PIInstructionFactoryTest" time="0.001"/>
  <system-out><![CDATA[]]></system-out>
  <system-err><![CDATA[]]></system-err>
</testsuite>
