<?xml version="1.0" encoding="UTF-8"?>
<testsuite name="io.exp.beampoc.model.PI.Model.PiInfiniteSeriesFactoryTest" tests="2" skipped="0" failures="0" errors="0" timestamp="2019-05-11T06:28:37" hostname="Dexters-MacBook-Air.local" time="0.326">
  <properties/>
  <testcase name="runThread" classname="io.exp.beampoc.model.PI.Model.PiInfiniteSeriesFactoryTest" time="0.011"/>
  <testcase name="createTerm" classname="io.exp.beampoc.model.PI.Model.PiInfiniteSeriesFactoryTest" time="0.314"/>
  <system-out><![CDATA[]]></system-out>
  <system-err><![CDATA[]]></system-err>
</testsuite>
