<?xml version="1.0" encoding="UTF-8"?>
<testsuite name="io.exp.beampoc.model.PI.Model.Nilakantha_TermTest" tests="1" skipped="0" failures="0" errors="0" timestamp="2019-05-11T02:11:56" hostname="Dexters-MacBook-Air.local" time="0.011">
  <properties/>
  <testcase name="calculateTerm" classname="io.exp.beampoc.model.PI.Model.Nilakantha_TermTest" time="0.011"/>
  <system-out><![CDATA[3.1415926535895418
]]></system-out>
  <system-err><![CDATA[]]></system-err>
</testsuite>
